[1129/140641.421:ERROR:filesystem_win.cc(148)] DeleteFile C:\Users\User\AppData\Local\Temp\scoped_dir35908_10283\Crashpad\reports\cfe9a377-252a-4c95-9a02-6ab38a3afb4b.dmp: Процесс не может получить доступ к файлу, так как этот файл занят другим процессом. (0x20)
[1129/150436.706:ERROR:process_reader_win.cc(123)] NtOpenThread: {Отказано в доступе} Процесс запросил доступ к объекту, но права на доступ не предоставлены. (0xc0000022)
[1129/150436.709:ERROR:exception_snapshot_win.cc(88)] thread ID 6192 not found in process
[1129/150513.492:ERROR:process_reader_win.cc(123)] NtOpenThread: {Отказано в доступе} Процесс запросил доступ к объекту, но права на доступ не предоставлены. (0xc0000022)
[1129/150513.495:ERROR:exception_snapshot_win.cc(88)] thread ID 3796 not found in process
[1129/151327.733:ERROR:process_reader_win.cc(123)] NtOpenThread: {Отказано в доступе} Процесс запросил доступ к объекту, но права на доступ не предоставлены. (0xc0000022)
[1129/151327.735:ERROR:exception_snapshot_win.cc(88)] thread ID 5736 not found in process
[1201/225426.174:ERROR:process_reader_win.cc(123)] NtOpenThread: {Отказано в доступе} Процесс запросил доступ к объекту, но права на доступ не предоставлены. (0xc0000022)
[1201/225426.178:ERROR:exception_snapshot_win.cc(88)] thread ID 1488 not found in process
[1202/001718.956:ERROR:process_reader_win.cc(151)] SuspendThread: Отказано в доступе. (0x5)
[1202/001718.959:ERROR:process_reader_win.cc(151)] SuspendThread: Отказано в доступе. (0x5)
[1202/001718.959:ERROR:process_reader_win.cc(151)] SuspendThread: Отказано в доступе. (0x5)
[1202/001718.959:ERROR:process_reader_win.cc(151)] SuspendThread: Отказано в доступе. (0x5)
[1202/001718.959:ERROR:process_reader_win.cc(151)] SuspendThread: Отказано в доступе. (0x5)
[1202/001718.959:ERROR:process_reader_win.cc(151)] SuspendThread: Отказано в доступе. (0x5)
[1202/001718.959:ERROR:process_reader_win.cc(151)] SuspendThread: Отказано в доступе. (0x5)
[1202/001718.960:ERROR:process_reader_win.cc(151)] SuspendThread: Отказано в доступе. (0x5)
[1202/001718.960:ERROR:process_reader_win.cc(123)] NtOpenThread: {Отказано в доступе} Процесс запросил доступ к объекту, но права на доступ не предоставлены. (0xc0000022)
[1202/001718.960:ERROR:exception_snapshot_win.cc(88)] thread ID 14420 not found in process
[1202/002103.856:ERROR:process_reader_win.cc(123)] NtOpenThread: {Отказано в доступе} Процесс запросил доступ к объекту, но права на доступ не предоставлены. (0xc0000022)
[1202/002103.858:ERROR:exception_snapshot_win.cc(88)] thread ID 3328 not found in process
[1202/010355.751:ERROR:process_reader_win.cc(123)] NtOpenThread: {Отказано в доступе} Процесс запросил доступ к объекту, но права на доступ не предоставлены. (0xc0000022)
[1202/010355.754:ERROR:exception_snapshot_win.cc(88)] thread ID 12952 not found in process
[1202/115359.457:ERROR:process_reader_win.cc(123)] NtOpenThread: {Отказано в доступе} Процесс запросил доступ к объекту, но права на доступ не предоставлены. (0xc0000022)
[1202/115359.473:ERROR:exception_snapshot_win.cc(88)] thread ID 7952 not found in process
[1202/115711.933:ERROR:process_reader_win.cc(123)] NtOpenThread: {Отказано в доступе} Процесс запросил доступ к объекту, но права на доступ не предоставлены. (0xc0000022)
[1202/115711.936:ERROR:exception_snapshot_win.cc(88)] thread ID 4020 not found in process
[1202/120408.887:ERROR:process_reader_win.cc(123)] NtOpenThread: {Отказано в доступе} Процесс запросил доступ к объекту, но права на доступ не предоставлены. (0xc0000022)
[1202/120408.893:ERROR:exception_snapshot_win.cc(88)] thread ID 9376 not found in process
[1202/120409.832:ERROR:process_reader_win.cc(123)] NtOpenThread: {Отказано в доступе} Процесс запросил доступ к объекту, но права на доступ не предоставлены. (0xc0000022)
[1202/120409.833:ERROR:exception_snapshot_win.cc(88)] thread ID 14552 not found in process
[1202/120410.962:ERROR:process_reader_win.cc(123)] NtOpenThread: {Отказано в доступе} Процесс запросил доступ к объекту, но права на доступ не предоставлены. (0xc0000022)
[1202/120410.964:ERROR:exception_snapshot_win.cc(88)] thread ID 10904 not found in process
[1202/120515.115:ERROR:process_reader_win.cc(123)] NtOpenThread: {Отказано в доступе} Процесс запросил доступ к объекту, но права на доступ не предоставлены. (0xc0000022)
[1202/120515.117:ERROR:exception_snapshot_win.cc(88)] thread ID 13244 not found in process
[1202/174124.729:ERROR:process_reader_win.cc(123)] NtOpenThread: {Отказано в доступе} Процесс запросил доступ к объекту, но права на доступ не предоставлены. (0xc0000022)
[1202/174124.731:ERROR:exception_snapshot_win.cc(88)] thread ID 11208 not found in process
[1202/174347.737:ERROR:process_reader_win.cc(151)] SuspendThread: Отказано в доступе. (0x5)
[1202/174347.742:ERROR:process_reader_win.cc(151)] SuspendThread: Отказано в доступе. (0x5)
[1202/174347.742:ERROR:process_reader_win.cc(123)] NtOpenThread: {Отказано в доступе} Процесс запросил доступ к объекту, но права на доступ не предоставлены. (0xc0000022)
[1202/174347.744:ERROR:exception_snapshot_win.cc(88)] thread ID 12356 not found in process
[1202/175853.931:ERROR:process_reader_win.cc(123)] NtOpenThread: {Отказано в доступе} Процесс запросил доступ к объекту, но права на доступ не предоставлены. (0xc0000022)
[1202/175853.934:ERROR:exception_snapshot_win.cc(88)] thread ID 15616 not found in process
[1202/175853.952:ERROR:process_reader_win.cc(123)] NtOpenThread: {Отказано в доступе} Процесс запросил доступ к объекту, но права на доступ не предоставлены. (0xc0000022)
[1202/175853.953:ERROR:exception_snapshot_win.cc(88)] thread ID 2480 not found in process
[1202/180104.819:ERROR:process_reader_win.cc(123)] NtOpenThread: {Отказано в доступе} Процесс запросил доступ к объекту, но права на доступ не предоставлены. (0xc0000022)
[1202/180104.821:ERROR:exception_snapshot_win.cc(88)] thread ID 6564 not found in process
[1203/172611.503:ERROR:process_reader_win.cc(123)] NtOpenThread: {Отказано в доступе} Процесс запросил доступ к объекту, но права на доступ не предоставлены. (0xc0000022)
[1203/172612.956:ERROR:exception_snapshot_win.cc(88)] thread ID 7836 not found in process
[1203/173443.032:ERROR:process_reader_win.cc(123)] NtOpenThread: {Отказано в доступе} Процесс запросил доступ к объекту, но права на доступ не предоставлены. (0xc0000022)
[1203/173443.034:ERROR:exception_snapshot_win.cc(88)] thread ID 6664 not found in process
[1203/173443.032:ERROR:process_reader_win.cc(123)] NtOpenThread: {Отказано в доступе} Процесс запросил доступ к объекту, но права на доступ не предоставлены. (0xc0000022)
[1203/173443.034:ERROR:exception_snapshot_win.cc(88)] thread ID 4268 not found in process
[1204/150702.420:ERROR:process_reader_win.cc(123)] NtOpenThread: {Отказано в доступе} Процесс запросил доступ к объекту, но права на доступ не предоставлены. (0xc0000022)
[1204/150702.423:ERROR:exception_snapshot_win.cc(88)] thread ID 7188 not found in process
[1204/151141.019:ERROR:process_reader_win.cc(123)] NtOpenThread: {Отказано в доступе} Процесс запросил доступ к объекту, но права на доступ не предоставлены. (0xc0000022)
[1204/151141.265:ERROR:exception_snapshot_win.cc(88)] thread ID 3616 not found in process
[1204/152650.712:ERROR:process_reader_win.cc(123)] NtOpenThread: {Отказано в доступе} Процесс запросил доступ к объекту, но права на доступ не предоставлены. (0xc0000022)
[1204/152651.945:ERROR:exception_snapshot_win.cc(88)] thread ID 1652 not found in process
[1204/152934.522:ERROR:process_reader_win.cc(123)] NtOpenThread: {Отказано в доступе} Процесс запросил доступ к объекту, но права на доступ не предоставлены. (0xc0000022)
[1204/152940.088:ERROR:exception_snapshot_win.cc(88)] thread ID 7116 not found in process
[1204/152940.088:ERROR:scoped_process_suspend.cc(40)] NtResumeProcess: Попытка доступа к процессу, выполняющему процедуру завершения. (0xc000010a)
[1204/153512.982:ERROR:process_reader_win.cc(123)] NtOpenThread: {Отказано в доступе} Процесс запросил доступ к объекту, но права на доступ не предоставлены. (0xc0000022)
[1204/153512.983:ERROR:exception_snapshot_win.cc(88)] thread ID 4684 not found in process
[1204/161535.955:ERROR:process_reader_win.cc(123)] NtOpenThread: {Отказано в доступе} Процесс запросил доступ к объекту, но права на доступ не предоставлены. (0xc0000022)
[1204/161538.330:ERROR:exception_snapshot_win.cc(88)] thread ID 3764 not found in process
[1204/161912.334:ERROR:process_reader_win.cc(123)] NtOpenThread: {Отказано в доступе} Процесс запросил доступ к объекту, но права на доступ не предоставлены. (0xc0000022)
[1204/161912.335:ERROR:exception_snapshot_win.cc(88)] thread ID 6624 not found in process
[1204/171458.012:ERROR:process_reader_win.cc(123)] NtOpenThread: {Отказано в доступе} Процесс запросил доступ к объекту, но права на доступ не предоставлены. (0xc0000022)
[1204/171458.015:ERROR:exception_snapshot_win.cc(88)] thread ID 3980 not found in process
[1204/172033.207:ERROR:process_reader_win.cc(123)] NtOpenThread: {Отказано в доступе} Процесс запросил доступ к объекту, но права на доступ не предоставлены. (0xc0000022)
[1204/172033.209:ERROR:exception_snapshot_win.cc(88)] thread ID 3040 not found in process
[1204/173439.762:ERROR:process_reader_win.cc(123)] NtOpenThread: {Отказано в доступе} Процесс запросил доступ к объекту, но права на доступ не предоставлены. (0xc0000022)
[1204/173439.764:ERROR:exception_snapshot_win.cc(88)] thread ID 6160 not found in process
[1204/185317.808:ERROR:process_reader_win.cc(123)] NtOpenThread: {Отказано в доступе} Процесс запросил доступ к объекту, но права на доступ не предоставлены. (0xc0000022)
[1204/185318.237:ERROR:exception_snapshot_win.cc(88)] thread ID 3836 not found in process
[1204/200132.677:ERROR:process_reader_win.cc(123)] NtOpenThread: {Отказано в доступе} Процесс запросил доступ к объекту, но права на доступ не предоставлены. (0xc0000022)
[1204/200133.406:ERROR:exception_snapshot_win.cc(88)] thread ID 8268 not found in process
[1204/200431.444:ERROR:process_reader_win.cc(123)] NtOpenThread: {Отказано в доступе} Процесс запросил доступ к объекту, но права на доступ не предоставлены. (0xc0000022)
[1204/200435.183:ERROR:exception_snapshot_win.cc(88)] thread ID 7080 not found in process
[1204/201926.537:ERROR:process_reader_win.cc(123)] NtOpenThread: {Отказано в доступе} Процесс запросил доступ к объекту, но права на доступ не предоставлены. (0xc0000022)
[1204/201934.556:ERROR:exception_snapshot_win.cc(88)] thread ID 3796 not found in process
[1204/201934.556:ERROR:scoped_process_suspend.cc(40)] NtResumeProcess: Попытка доступа к процессу, выполняющему процедуру завершения. (0xc000010a)
[1204/211810.643:ERROR:process_reader_win.cc(123)] NtOpenThread: {Отказано в доступе} Процесс запросил доступ к объекту, но права на доступ не предоставлены. (0xc0000022)
[1204/211812.399:ERROR:exception_snapshot_win.cc(88)] thread ID 3668 not found in process
[1204/212509.984:ERROR:process_reader_win.cc(123)] NtOpenThread: {Отказано в доступе} Процесс запросил доступ к объекту, но права на доступ не предоставлены. (0xc0000022)
[1204/212512.497:ERROR:exception_snapshot_win.cc(88)] thread ID 8296 not found in process
[1204/212823.463:ERROR:process_reader_win.cc(123)] NtOpenThread: {Отказано в доступе} Процесс запросил доступ к объекту, но права на доступ не предоставлены. (0xc0000022)
[1204/212824.919:ERROR:exception_snapshot_win.cc(88)] thread ID 9756 not found in process
[1204/232839.440:ERROR:process_reader_win.cc(123)] NtOpenThread: {Отказано в доступе} Процесс запросил доступ к объекту, но права на доступ не предоставлены. (0xc0000022)
[1204/232839.442:ERROR:exception_snapshot_win.cc(88)] thread ID 12512 not found in process
[1204/235231.549:ERROR:process_reader_win.cc(123)] NtOpenThread: {Отказано в доступе} Процесс запросил доступ к объекту, но права на доступ не предоставлены. (0xc0000022)
[1204/235231.551:ERROR:exception_snapshot_win.cc(88)] thread ID 5760 not found in process
[1204/235337.024:ERROR:process_reader_win.cc(123)] NtOpenThread: {Отказано в доступе} Процесс запросил доступ к объекту, но права на доступ не предоставлены. (0xc0000022)
[1204/235337.025:ERROR:exception_snapshot_win.cc(88)] thread ID 5400 not found in process
[1205/000832.500:ERROR:process_reader_win.cc(123)] NtOpenThread: {Отказано в доступе} Процесс запросил доступ к объекту, но права на доступ не предоставлены. (0xc0000022)
[1205/000832.504:ERROR:exception_snapshot_win.cc(88)] thread ID 12836 not found in process
[1205/171051.869:ERROR:process_reader_win.cc(123)] NtOpenThread: {Отказано в доступе} Процесс запросил доступ к объекту, но права на доступ не предоставлены. (0xc0000022)
[1205/171054.170:ERROR:exception_snapshot_win.cc(88)] thread ID 5208 not found in process
[1205/172250.656:ERROR:process_reader_win.cc(123)] NtOpenThread: {Отказано в доступе} Процесс запросил доступ к объекту, но права на доступ не предоставлены. (0xc0000022)
[1205/172253.328:ERROR:exception_snapshot_win.cc(88)] thread ID 3280 not found in process
[1205/180720.109:ERROR:process_reader_win.cc(123)] NtOpenThread: {Отказано в доступе} Процесс запросил доступ к объекту, но права на доступ не предоставлены. (0xc0000022)
[1205/180720.112:ERROR:exception_snapshot_win.cc(88)] thread ID 2104 not found in process
[1205/185018.629:ERROR:process_reader_win.cc(123)] NtOpenThread: {Отказано в доступе} Процесс запросил доступ к объекту, но права на доступ не предоставлены. (0xc0000022)
[1205/185020.525:ERROR:exception_snapshot_win.cc(88)] thread ID 9536 not found in process
[1205/185313.361:ERROR:process_reader_win.cc(123)] NtOpenThread: {Отказано в доступе} Процесс запросил доступ к объекту, но права на доступ не предоставлены. (0xc0000022)
[1205/185313.363:ERROR:exception_snapshot_win.cc(88)] thread ID 9864 not found in process
[1206/165057.879:ERROR:process_reader_win.cc(123)] NtOpenThread: {Отказано в доступе} Процесс запросил доступ к объекту, но права на доступ не предоставлены. (0xc0000022)
[1206/165057.883:ERROR:exception_snapshot_win.cc(88)] thread ID 4696 not found in process
[1206/172358.163:ERROR:process_reader_win.cc(123)] NtOpenThread: {Отказано в доступе} Процесс запросил доступ к объекту, но права на доступ не предоставлены. (0xc0000022)
[1206/172358.165:ERROR:exception_snapshot_win.cc(88)] thread ID 2264 not found in process
[1206/211712.394:ERROR:process_reader_win.cc(123)] NtOpenThread: {Отказано в доступе} Процесс запросил доступ к объекту, но права на доступ не предоставлены. (0xc0000022)
[1206/211712.398:ERROR:exception_snapshot_win.cc(88)] thread ID 3768 not found in process
[1206/212455.281:ERROR:process_reader_win.cc(123)] NtOpenThread: {Отказано в доступе} Процесс запросил доступ к объекту, но права на доступ не предоставлены. (0xc0000022)
[1206/212455.284:ERROR:exception_snapshot_win.cc(88)] thread ID 9212 not found in process
[1208/155649.406:ERROR:process_reader_win.cc(123)] NtOpenThread: {Отказано в доступе} Процесс запросил доступ к объекту, но права на доступ не предоставлены. (0xc0000022)
[1208/155649.416:ERROR:exception_snapshot_win.cc(88)] thread ID 12368 not found in process
[1208/155905.612:ERROR:process_reader_win.cc(123)] NtOpenThread: {Отказано в доступе} Процесс запросил доступ к объекту, но права на доступ не предоставлены. (0xc0000022)
[1208/155905.614:ERROR:exception_snapshot_win.cc(88)] thread ID 7100 not found in process
[1208/160949.786:ERROR:process_reader_win.cc(123)] NtOpenThread: {Отказано в доступе} Процесс запросил доступ к объекту, но права на доступ не предоставлены. (0xc0000022)
[1208/160949.788:ERROR:exception_snapshot_win.cc(88)] thread ID 11008 not found in process
[1208/162559.040:ERROR:process_reader_win.cc(123)] NtOpenThread: {Отказано в доступе} Процесс запросил доступ к объекту, но права на доступ не предоставлены. (0xc0000022)
[1208/162559.042:ERROR:exception_snapshot_win.cc(88)] thread ID 7788 not found in process
[1208/163234.057:ERROR:process_reader_win.cc(123)] NtOpenThread: {Отказано в доступе} Процесс запросил доступ к объекту, но права на доступ не предоставлены. (0xc0000022)
[1208/163234.060:ERROR:exception_snapshot_win.cc(88)] thread ID 2988 not found in process
[1208/172917.371:ERROR:process_reader_win.cc(123)] NtOpenThread: {Отказано в доступе} Процесс запросил доступ к объекту, но права на доступ не предоставлены. (0xc0000022)
[1208/172917.372:ERROR:exception_snapshot_win.cc(88)] thread ID 2844 not found in process
[1208/172917.374:ERROR:process_reader_win.cc(123)] NtOpenThread: {Отказано в доступе} Процесс запросил доступ к объекту, но права на доступ не предоставлены. (0xc0000022)
[1208/172917.376:ERROR:exception_snapshot_win.cc(88)] thread ID 7628 not found in process
[1208/203646.331:ERROR:process_reader_win.cc(123)] NtOpenThread: {Отказано в доступе} Процесс запросил доступ к объекту, но права на доступ не предоставлены. (0xc0000022)
[1208/203646.399:ERROR:exception_snapshot_win.cc(88)] thread ID 9556 not found in process
[1209/144656.831:ERROR:process_reader_win.cc(123)] NtOpenThread: {Отказано в доступе} Процесс запросил доступ к объекту, но права на доступ не предоставлены. (0xc0000022)
[1209/144656.834:ERROR:exception_snapshot_win.cc(88)] thread ID 4576 not found in process
[1209/154711.583:ERROR:process_reader_win.cc(123)] NtOpenThread: {Отказано в доступе} Процесс запросил доступ к объекту, но права на доступ не предоставлены. (0xc0000022)
[1209/154712.026:ERROR:exception_snapshot_win.cc(88)] thread ID 4356 not found in process
[1209/155647.609:ERROR:process_reader_win.cc(123)] NtOpenThread: {Отказано в доступе} Процесс запросил доступ к объекту, но права на доступ не предоставлены. (0xc0000022)
[1209/155647.610:ERROR:exception_snapshot_win.cc(88)] thread ID 8320 not found in process
[1209/160509.877:ERROR:process_reader_win.cc(123)] NtOpenThread: {Отказано в доступе} Процесс запросил доступ к объекту, но права на доступ не предоставлены. (0xc0000022)
[1209/160509.879:ERROR:exception_snapshot_win.cc(88)] thread ID 9212 not found in process
[1209/162234.045:ERROR:process_reader_win.cc(123)] NtOpenThread: {Отказано в доступе} Процесс запросил доступ к объекту, но права на доступ не предоставлены. (0xc0000022)
[1209/162234.045:ERROR:exception_snapshot_win.cc(88)] thread ID 7208 not found in process
[1209/165734.452:ERROR:process_reader_win.cc(123)] NtOpenThread: {Отказано в доступе} Процесс запросил доступ к объекту, но права на доступ не предоставлены. (0xc0000022)
[1209/165734.454:ERROR:exception_snapshot_win.cc(88)] thread ID 3448 not found in process
[1209/191701.403:ERROR:process_reader_win.cc(123)] NtOpenThread: {Отказано в доступе} Процесс запросил доступ к объекту, но права на доступ не предоставлены. (0xc0000022)
[1209/191701.411:ERROR:exception_snapshot_win.cc(88)] thread ID 13152 not found in process
[1209/192346.156:ERROR:process_reader_win.cc(123)] NtOpenThread: {Отказано в доступе} Процесс запросил доступ к объекту, но права на доступ не предоставлены. (0xc0000022)
[1209/192346.160:ERROR:exception_snapshot_win.cc(88)] thread ID 11336 not found in process
[1210/173315.038:ERROR:process_reader_win.cc(123)] NtOpenThread: {Отказано в доступе} Процесс запросил доступ к объекту, но права на доступ не предоставлены. (0xc0000022)
[1210/173329.057:ERROR:exception_snapshot_win.cc(88)] thread ID 3304 not found in process
[1210/173329.057:ERROR:scoped_process_suspend.cc(40)] NtResumeProcess: Попытка доступа к процессу, выполняющему процедуру завершения. (0xc000010a)
[1210/173553.902:ERROR:process_reader_win.cc(123)] NtOpenThread: {Отказано в доступе} Процесс запросил доступ к объекту, но права на доступ не предоставлены. (0xc0000022)
[1210/173553.904:ERROR:exception_snapshot_win.cc(88)] thread ID 8552 not found in process
[1210/174020.948:ERROR:process_reader_win.cc(123)] NtOpenThread: {Отказано в доступе} Процесс запросил доступ к объекту, но права на доступ не предоставлены. (0xc0000022)
[1210/174034.089:ERROR:exception_snapshot_win.cc(88)] thread ID 5532 not found in process
[1210/174034.089:ERROR:scoped_process_suspend.cc(40)] NtResumeProcess: Попытка доступа к процессу, выполняющему процедуру завершения. (0xc000010a)
[1210/175245.678:ERROR:process_reader_win.cc(123)] NtOpenThread: {Отказано в доступе} Процесс запросил доступ к объекту, но права на доступ не предоставлены. (0xc0000022)
[1210/175251.881:ERROR:exception_snapshot_win.cc(88)] thread ID 9600 not found in process
[1210/175251.881:ERROR:scoped_process_suspend.cc(40)] NtResumeProcess: Попытка доступа к процессу, выполняющему процедуру завершения. (0xc000010a)
[1210/180158.628:ERROR:process_reader_win.cc(123)] NtOpenThread: {Отказано в доступе} Процесс запросил доступ к объекту, но права на доступ не предоставлены. (0xc0000022)
[1210/180205.026:ERROR:exception_snapshot_win.cc(88)] thread ID 7004 not found in process
[1210/180205.026:ERROR:scoped_process_suspend.cc(40)] NtResumeProcess: Попытка доступа к процессу, выполняющему процедуру завершения. (0xc000010a)
[1210/180450.295:ERROR:process_reader_win.cc(123)] NtOpenThread: {Отказано в доступе} Процесс запросил доступ к объекту, но права на доступ не предоставлены. (0xc0000022)
[1210/180450.297:ERROR:exception_snapshot_win.cc(88)] thread ID 8508 not found in process
[1210/180609.137:ERROR:process_reader_win.cc(123)] NtOpenThread: {Отказано в доступе} Процесс запросил доступ к объекту, но права на доступ не предоставлены. (0xc0000022)
[1210/180609.139:ERROR:exception_snapshot_win.cc(88)] thread ID 9940 not found in process
[1210/200917.917:ERROR:process_reader_win.cc(123)] NtOpenThread: {Отказано в доступе} Процесс запросил доступ к объекту, но права на доступ не предоставлены. (0xc0000022)
[1210/200917.919:ERROR:exception_snapshot_win.cc(88)] thread ID 9616 not found in process
[1210/232828.492:ERROR:process_reader_win.cc(123)] NtOpenThread: {Отказано в доступе} Процесс запросил доступ к объекту, но права на доступ не предоставлены. (0xc0000022)
[1210/232829.160:ERROR:exception_snapshot_win.cc(88)] thread ID 4044 not found in process
[1210/233134.124:ERROR:process_reader_win.cc(123)] NtOpenThread: {Отказано в доступе} Процесс запросил доступ к объекту, но права на доступ не предоставлены. (0xc0000022)
[1210/233134.130:ERROR:exception_snapshot_win.cc(88)] thread ID 13872 not found in process
[1210/234248.291:ERROR:process_reader_win.cc(151)] SuspendThread: Отказано в доступе. (0x5)
[1210/234248.316:ERROR:process_reader_win.cc(151)] SuspendThread: Отказано в доступе. (0x5)
[1210/234248.316:ERROR:process_reader_win.cc(151)] SuspendThread: Отказано в доступе. (0x5)
[1210/234248.316:ERROR:process_reader_win.cc(151)] SuspendThread: Отказано в доступе. (0x5)
[1210/234248.316:ERROR:process_reader_win.cc(151)] SuspendThread: Отказано в доступе. (0x5)
[1210/234248.316:ERROR:process_reader_win.cc(151)] SuspendThread: Отказано в доступе. (0x5)
[1210/234248.316:ERROR:process_reader_win.cc(123)] NtOpenThread: {Отказано в доступе} Процесс запросил доступ к объекту, но права на доступ не предоставлены. (0xc0000022)
[1210/234248.317:ERROR:exception_snapshot_win.cc(88)] thread ID 1580 not found in process
[1210/234313.503:ERROR:process_reader_win.cc(123)] NtOpenThread: {Отказано в доступе} Процесс запросил доступ к объекту, но права на доступ не предоставлены. (0xc0000022)
[1210/234313.504:ERROR:exception_snapshot_win.cc(88)] thread ID 13740 not found in process
[1210/234355.717:ERROR:process_reader_win.cc(123)] NtOpenThread: {Отказано в доступе} Процесс запросил доступ к объекту, но права на доступ не предоставлены. (0xc0000022)
[1210/234355.718:ERROR:exception_snapshot_win.cc(88)] thread ID 5052 not found in process
[1211/003533.354:ERROR:process_reader_win.cc(123)] NtOpenThread: {Отказано в доступе} Процесс запросил доступ к объекту, но права на доступ не предоставлены. (0xc0000022)
[1211/003539.837:ERROR:exception_snapshot_win.cc(88)] thread ID 15536 not found in process
[1211/003539.837:ERROR:scoped_process_suspend.cc(40)] NtResumeProcess: Попытка доступа к процессу, выполняющему процедуру завершения. (0xc000010a)
[1211/171139.402:ERROR:process_reader_win.cc(123)] NtOpenThread: {Отказано в доступе} Процесс запросил доступ к объекту, но права на доступ не предоставлены. (0xc0000022)
[1211/171139.408:ERROR:exception_snapshot_win.cc(88)] thread ID 1036 not found in process
[1211/173806.510:ERROR:process_reader_win.cc(123)] NtOpenThread: {Отказано в доступе} Процесс запросил доступ к объекту, но права на доступ не предоставлены. (0xc0000022)
[1211/173807.593:ERROR:exception_snapshot_win.cc(88)] thread ID 2164 not found in process
[1211/174855.888:ERROR:process_reader_win.cc(123)] NtOpenThread: {Отказано в доступе} Процесс запросил доступ к объекту, но права на доступ не предоставлены. (0xc0000022)
[1211/174855.890:ERROR:exception_snapshot_win.cc(88)] thread ID 12304 not found in process
[1211/180740.567:ERROR:process_reader_win.cc(123)] NtOpenThread: {Отказано в доступе} Процесс запросил доступ к объекту, но права на доступ не предоставлены. (0xc0000022)
[1211/180740.570:ERROR:exception_snapshot_win.cc(88)] thread ID 9648 not found in process
[1211/190130.439:ERROR:process_reader_win.cc(123)] NtOpenThread: {Отказано в доступе} Процесс запросил доступ к объекту, но права на доступ не предоставлены. (0xc0000022)
[1211/190130.442:ERROR:exception_snapshot_win.cc(88)] thread ID 9384 not found in process
[1211/202244.057:ERROR:process_reader_win.cc(123)] NtOpenThread: {Отказано в доступе} Процесс запросил доступ к объекту, но права на доступ не предоставлены. (0xc0000022)
[1211/202246.045:ERROR:exception_snapshot_win.cc(88)] thread ID 11200 not found in process
[1211/202803.942:ERROR:process_reader_win.cc(123)] NtOpenThread: {Отказано в доступе} Процесс запросил доступ к объекту, но права на доступ не предоставлены. (0xc0000022)
[1211/202803.944:ERROR:exception_snapshot_win.cc(88)] thread ID 10320 not found in process
[1211/203307.137:ERROR:process_reader_win.cc(123)] NtOpenThread: {Отказано в доступе} Процесс запросил доступ к объекту, но права на доступ не предоставлены. (0xc0000022)
[1211/203307.137:ERROR:exception_snapshot_win.cc(88)] thread ID 8556 not found in process
[1211/204505.222:ERROR:process_reader_win.cc(123)] NtOpenThread: {Отказано в доступе} Процесс запросил доступ к объекту, но права на доступ не предоставлены. (0xc0000022)
[1211/204505.224:ERROR:exception_snapshot_win.cc(88)] thread ID 3440 not found in process
[1211/213338.197:ERROR:process_reader_win.cc(123)] NtOpenThread: {Отказано в доступе} Процесс запросил доступ к объекту, но права на доступ не предоставлены. (0xc0000022)
[1211/213338.597:ERROR:exception_snapshot_win.cc(88)] thread ID 4340 not found in process
[1212/171739.807:ERROR:process_reader_win.cc(123)] NtOpenThread: {Отказано в доступе} Процесс запросил доступ к объекту, но права на доступ не предоставлены. (0xc0000022)
[1212/171739.813:ERROR:exception_snapshot_win.cc(88)] thread ID 4196 not found in process
[1212/172717.993:ERROR:process_reader_win.cc(123)] NtOpenThread: {Отказано в доступе} Процесс запросил доступ к объекту, но права на доступ не предоставлены. (0xc0000022)
[1212/172718.130:ERROR:exception_snapshot_win.cc(88)] thread ID 6612 not found in process
[1212/182908.298:ERROR:process_reader_win.cc(123)] NtOpenThread: {Отказано в доступе} Процесс запросил доступ к объекту, но права на доступ не предоставлены. (0xc0000022)
[1212/182908.841:ERROR:exception_snapshot_win.cc(88)] thread ID 10224 not found in process
[1214/191204.145:ERROR:process_reader_win.cc(123)] NtOpenThread: {Отказано в доступе} Процесс запросил доступ к объекту, но права на доступ не предоставлены. (0xc0000022)
[1214/191204.147:ERROR:exception_snapshot_win.cc(88)] thread ID 4992 not found in process
[1214/215430.414:ERROR:process_reader_win.cc(123)] NtOpenThread: {Отказано в доступе} Процесс запросил доступ к объекту, но права на доступ не предоставлены. (0xc0000022)
[1214/215430.418:ERROR:exception_snapshot_win.cc(88)] thread ID 13728 not found in process
[1215/173416.134:ERROR:process_reader_win.cc(151)] SuspendThread: Отказано в доступе. (0x5)
[1215/173416.137:ERROR:process_reader_win.cc(151)] SuspendThread: Отказано в доступе. (0x5)
[1215/173416.137:ERROR:process_reader_win.cc(151)] SuspendThread: Отказано в доступе. (0x5)
[1215/173416.138:ERROR:process_reader_win.cc(151)] SuspendThread: Отказано в доступе. (0x5)
[1215/173416.138:ERROR:process_reader_win.cc(151)] SuspendThread: Отказано в доступе. (0x5)
[1215/173416.138:ERROR:process_reader_win.cc(151)] SuspendThread: Отказано в доступе. (0x5)
[1215/173416.138:ERROR:process_reader_win.cc(151)] SuspendThread: Отказано в доступе. (0x5)
[1215/173416.138:ERROR:process_reader_win.cc(151)] SuspendThread: Отказано в доступе. (0x5)
[1215/173416.138:ERROR:process_reader_win.cc(123)] NtOpenThread: {Отказано в доступе} Процесс запросил доступ к объекту, но права на доступ не предоставлены. (0xc0000022)
[1215/173416.140:ERROR:exception_snapshot_win.cc(88)] thread ID 13416 not found in process
[1217/125020.501:ERROR:process_reader_win.cc(151)] SuspendThread: Отказано в доступе. (0x5)
[1217/125020.504:ERROR:process_reader_win.cc(151)] SuspendThread: Отказано в доступе. (0x5)
[1217/125020.504:ERROR:process_reader_win.cc(151)] SuspendThread: Отказано в доступе. (0x5)
[1217/125020.504:ERROR:process_reader_win.cc(151)] SuspendThread: Отказано в доступе. (0x5)
[1217/125020.504:ERROR:process_reader_win.cc(151)] SuspendThread: Отказано в доступе. (0x5)
[1217/125020.504:ERROR:process_reader_win.cc(151)] SuspendThread: Отказано в доступе. (0x5)
[1217/125020.504:ERROR:process_reader_win.cc(151)] SuspendThread: Отказано в доступе. (0x5)
[1217/125020.504:ERROR:process_reader_win.cc(151)] SuspendThread: Отказано в доступе. (0x5)
[1217/125020.504:ERROR:process_reader_win.cc(123)] NtOpenThread: {Отказано в доступе} Процесс запросил доступ к объекту, но права на доступ не предоставлены. (0xc0000022)
[1217/125020.506:ERROR:exception_snapshot_win.cc(88)] thread ID 12072 not found in process
[1217/125319.396:ERROR:process_reader_win.cc(123)] NtOpenThread: {Отказано в доступе} Процесс запросил доступ к объекту, но права на доступ не предоставлены. (0xc0000022)
[1217/125319.396:ERROR:exception_snapshot_win.cc(88)] thread ID 8732 not found in process
[1217/130718.609:ERROR:process_reader_win.cc(123)] NtOpenThread: {Отказано в доступе} Процесс запросил доступ к объекту, но права на доступ не предоставлены. (0xc0000022)
[1217/130718.611:ERROR:exception_snapshot_win.cc(88)] thread ID 10788 not found in process
[1217/132245.893:ERROR:process_reader_win.cc(123)] NtOpenThread: {Отказано в доступе} Процесс запросил доступ к объекту, но права на доступ не предоставлены. (0xc0000022)
[1217/132245.895:ERROR:exception_snapshot_win.cc(88)] thread ID 14420 not found in process
[1217/133439.119:ERROR:process_reader_win.cc(123)] NtOpenThread: {Отказано в доступе} Процесс запросил доступ к объекту, но права на доступ не предоставлены. (0xc0000022)
[1217/133439.120:ERROR:exception_snapshot_win.cc(88)] thread ID 3892 not found in process
[1217/134341.333:ERROR:process_reader_win.cc(123)] NtOpenThread: {Отказано в доступе} Процесс запросил доступ к объекту, но права на доступ не предоставлены. (0xc0000022)
[1217/134341.335:ERROR:exception_snapshot_win.cc(88)] thread ID 14900 not found in process
[1217/135323.691:ERROR:process_reader_win.cc(123)] NtOpenThread: {Отказано в доступе} Процесс запросил доступ к объекту, но права на доступ не предоставлены. (0xc0000022)
[1217/135323.693:ERROR:exception_snapshot_win.cc(88)] thread ID 11628 not found in process
[1217/135323.713:ERROR:process_reader_win.cc(123)] NtOpenThread: {Отказано в доступе} Процесс запросил доступ к объекту, но права на доступ не предоставлены. (0xc0000022)
[1217/135323.716:ERROR:exception_snapshot_win.cc(88)] thread ID 12060 not found in process
[1217/140736.149:ERROR:process_reader_win.cc(123)] NtOpenThread: {Отказано в доступе} Процесс запросил доступ к объекту, но права на доступ не предоставлены. (0xc0000022)
[1217/140736.151:ERROR:exception_snapshot_win.cc(88)] thread ID 1020 not found in process
[1217/144457.959:ERROR:process_reader_win.cc(123)] NtOpenThread: {Отказано в доступе} Процесс запросил доступ к объекту, но права на доступ не предоставлены. (0xc0000022)
[1217/144457.962:ERROR:exception_snapshot_win.cc(88)] thread ID 9712 not found in process
[1217/155926.819:ERROR:process_reader_win.cc(123)] NtOpenThread: {Отказано в доступе} Процесс запросил доступ к объекту, но права на доступ не предоставлены. (0xc0000022)
[1217/155926.822:ERROR:exception_snapshot_win.cc(88)] thread ID 3760 not found in process
[1217/160700.133:ERROR:process_reader_win.cc(123)] NtOpenThread: {Отказано в доступе} Процесс запросил доступ к объекту, но права на доступ не предоставлены. (0xc0000022)
[1217/160700.133:ERROR:exception_snapshot_win.cc(88)] thread ID 11920 not found in process
[1217/172009.949:ERROR:process_reader_win.cc(123)] NtOpenThread: {Отказано в доступе} Процесс запросил доступ к объекту, но права на доступ не предоставлены. (0xc0000022)
[1217/172009.955:ERROR:exception_snapshot_win.cc(88)] thread ID 13052 not found in process
[1217/173822.437:ERROR:process_reader_win.cc(123)] NtOpenThread: {Отказано в доступе} Процесс запросил доступ к объекту, но права на доступ не предоставлены. (0xc0000022)
[1217/173822.437:ERROR:exception_snapshot_win.cc(88)] thread ID 6820 not found in process
[1217/175009.434:ERROR:process_reader_win.cc(123)] NtOpenThread: {Отказано в доступе} Процесс запросил доступ к объекту, но права на доступ не предоставлены. (0xc0000022)
[1217/175009.437:ERROR:exception_snapshot_win.cc(88)] thread ID 1884 not found in process
[1217/223259.402:ERROR:process_reader_win.cc(123)] NtOpenThread: {Отказано в доступе} Процесс запросил доступ к объекту, но права на доступ не предоставлены. (0xc0000022)
[1217/223259.405:ERROR:exception_snapshot_win.cc(88)] thread ID 2932 not found in process
[1217/225743.078:ERROR:process_reader_win.cc(123)] NtOpenThread: {Отказано в доступе} Процесс запросил доступ к объекту, но права на доступ не предоставлены. (0xc0000022)
[1217/225743.080:ERROR:exception_snapshot_win.cc(88)] thread ID 8020 not found in process
[1218/173559.723:ERROR:process_reader_win.cc(151)] SuspendThread: Отказано в доступе. (0x5)
[1218/173559.726:ERROR:process_reader_win.cc(151)] SuspendThread: Отказано в доступе. (0x5)
[1218/173559.726:ERROR:process_reader_win.cc(123)] NtOpenThread: {Отказано в доступе} Процесс запросил доступ к объекту, но права на доступ не предоставлены. (0xc0000022)
[1218/173559.727:ERROR:exception_snapshot_win.cc(88)] thread ID 18792 not found in process
[1218/173559.730:ERROR:process_reader_win.cc(151)] SuspendThread: Отказано в доступе. (0x5)
[1218/173559.732:ERROR:process_reader_win.cc(151)] SuspendThread: Отказано в доступе. (0x5)
[1218/173559.732:ERROR:process_reader_win.cc(123)] NtOpenThread: {Отказано в доступе} Процесс запросил доступ к объекту, но права на доступ не предоставлены. (0xc0000022)
[1218/173559.732:ERROR:exception_snapshot_win.cc(88)] thread ID 16156 not found in process
[1218/173559.757:ERROR:process_reader_win.cc(151)] SuspendThread: Отказано в доступе. (0x5)
[1218/173559.759:ERROR:process_reader_win.cc(151)] SuspendThread: Отказано в доступе. (0x5)
[1218/173559.759:ERROR:process_reader_win.cc(123)] NtOpenThread: {Отказано в доступе} Процесс запросил доступ к объекту, но права на доступ не предоставлены. (0xc0000022)
[1218/173559.759:ERROR:exception_snapshot_win.cc(88)] thread ID 14572 not found in process
[1218/173559.762:ERROR:process_reader_win.cc(151)] SuspendThread: Отказано в доступе. (0x5)
[1218/173559.764:ERROR:process_reader_win.cc(151)] SuspendThread: Отказано в доступе. (0x5)
[1218/173559.764:ERROR:process_reader_win.cc(151)] SuspendThread: Отказано в доступе. (0x5)
[1218/173559.764:ERROR:process_reader_win.cc(151)] SuspendThread: Отказано в доступе. (0x5)
[1218/173559.764:ERROR:process_reader_win.cc(151)] SuspendThread: Отказано в доступе. (0x5)
[1218/173559.764:ERROR:process_reader_win.cc(123)] NtOpenThread: {Отказано в доступе} Процесс запросил доступ к объекту, но права на доступ не предоставлены. (0xc0000022)
[1218/173559.764:ERROR:exception_snapshot_win.cc(88)] thread ID 16196 not found in process
[1218/173559.770:ERROR:process_reader_win.cc(151)] SuspendThread: Отказано в доступе. (0x5)
[1218/173559.772:ERROR:process_reader_win.cc(151)] SuspendThread: Отказано в доступе. (0x5)
[1218/173559.772:ERROR:process_reader_win.cc(123)] NtOpenThread: {Отказано в доступе} Процесс запросил доступ к объекту, но права на доступ не предоставлены. (0xc0000022)
[1218/173559.772:ERROR:exception_snapshot_win.cc(88)] thread ID 16908 not found in process
[1218/173559.775:ERROR:process_reader_win.cc(151)] SuspendThread: Отказано в доступе. (0x5)
[1218/173559.777:ERROR:process_reader_win.cc(151)] SuspendThread: Отказано в доступе. (0x5)
[1218/173559.777:ERROR:process_reader_win.cc(151)] SuspendThread: Отказано в доступе. (0x5)
[1218/173559.777:ERROR:process_reader_win.cc(123)] NtOpenThread: {Отказано в доступе} Процесс запросил доступ к объекту, но права на доступ не предоставлены. (0xc0000022)
[1218/173559.778:ERROR:exception_snapshot_win.cc(88)] thread ID 8884 not found in process
[1218/173559.779:ERROR:process_reader_win.cc(151)] SuspendThread: Отказано в доступе. (0x5)
[1218/173559.781:ERROR:process_reader_win.cc(151)] SuspendThread: Отказано в доступе. (0x5)
[1218/173559.781:ERROR:process_reader_win.cc(123)] NtOpenThread: {Отказано в доступе} Процесс запросил доступ к объекту, но права на доступ не предоставлены. (0xc0000022)
[1218/173559.781:ERROR:exception_snapshot_win.cc(88)] thread ID 17008 not found in process
[1218/173559.784:ERROR:process_reader_win.cc(151)] SuspendThread: Отказано в доступе. (0x5)
[1218/173559.789:ERROR:process_reader_win.cc(151)] SuspendThread: Отказано в доступе. (0x5)
[1218/173559.789:ERROR:process_reader_win.cc(123)] NtOpenThread: {Отказано в доступе} Процесс запросил доступ к объекту, но права на доступ не предоставлены. (0xc0000022)
[1218/173559.790:ERROR:exception_snapshot_win.cc(88)] thread ID 17632 not found in process
[1218/173559.788:ERROR:process_reader_win.cc(151)] SuspendThread: Отказано в доступе. (0x5)
[1218/173559.790:ERROR:process_reader_win.cc(151)] SuspendThread: Отказано в доступе. (0x5)
[1218/173559.790:ERROR:process_reader_win.cc(123)] NtOpenThread: {Отказано в доступе} Процесс запросил доступ к объекту, но права на доступ не предоставлены. (0xc0000022)
[1218/173559.790:ERROR:exception_snapshot_win.cc(88)] thread ID 14296 not found in process
[1218/173559.788:ERROR:process_reader_win.cc(151)] SuspendThread: Отказано в доступе. (0x5)
[1218/173559.792:ERROR:process_reader_win.cc(151)] SuspendThread: Отказано в доступе. (0x5)
[1218/173559.792:ERROR:process_reader_win.cc(123)] NtOpenThread: {Отказано в доступе} Процесс запросил доступ к объекту, но права на доступ не предоставлены. (0xc0000022)
[1218/173559.792:ERROR:exception_snapshot_win.cc(88)] thread ID 16996 not found in process
[1218/174848.366:ERROR:process_reader_win.cc(123)] NtOpenThread: {Отказано в доступе} Процесс запросил доступ к объекту, но права на доступ не предоставлены. (0xc0000022)
[1218/174848.369:ERROR:exception_snapshot_win.cc(88)] thread ID 14352 not found in process
[1218/174848.391:ERROR:process_reader_win.cc(123)] NtOpenThread: {Отказано в доступе} Процесс запросил доступ к объекту, но права на доступ не предоставлены. (0xc0000022)
[1218/174848.394:ERROR:exception_snapshot_win.cc(88)] thread ID 9036 not found in process
[1218/174848.413:ERROR:process_reader_win.cc(123)] NtOpenThread: {Отказано в доступе} Процесс запросил доступ к объекту, но права на доступ не предоставлены. (0xc0000022)
[1218/174848.416:ERROR:exception_snapshot_win.cc(88)] thread ID 16408 not found in process
[1218/225808.219:ERROR:process_reader_win.cc(151)] SuspendThread: Отказано в доступе. (0x5)
[1218/225808.222:ERROR:process_reader_win.cc(151)] SuspendThread: Отказано в доступе. (0x5)
[1218/225808.222:ERROR:process_reader_win.cc(151)] SuspendThread: Отказано в доступе. (0x5)
[1218/225808.222:ERROR:process_reader_win.cc(151)] SuspendThread: Отказано в доступе. (0x5)
[1218/225808.222:ERROR:process_reader_win.cc(151)] SuspendThread: Отказано в доступе. (0x5)
[1218/225808.222:ERROR:process_reader_win.cc(151)] SuspendThread: Отказано в доступе. (0x5)
[1218/225808.222:ERROR:process_reader_win.cc(151)] SuspendThread: Отказано в доступе. (0x5)
[1218/225808.222:ERROR:process_reader_win.cc(151)] SuspendThread: Отказано в доступе. (0x5)
[1218/225808.222:ERROR:process_reader_win.cc(151)] SuspendThread: Отказано в доступе. (0x5)
[1218/225808.222:ERROR:process_reader_win.cc(123)] NtOpenThread: {Отказано в доступе} Процесс запросил доступ к объекту, но права на доступ не предоставлены. (0xc0000022)
[1218/225808.223:ERROR:exception_snapshot_win.cc(88)] thread ID 13012 not found in process
[1218/225808.221:ERROR:process_reader_win.cc(151)] SuspendThread: Отказано в доступе. (0x5)
[1218/225808.224:ERROR:process_reader_win.cc(151)] SuspendThread: Отказано в доступе. (0x5)
[1218/225808.224:ERROR:process_reader_win.cc(151)] SuspendThread: Отказано в доступе. (0x5)
[1218/225808.224:ERROR:process_reader_win.cc(151)] SuspendThread: Отказано в доступе. (0x5)
[1218/225808.225:ERROR:process_reader_win.cc(151)] SuspendThread: Отказано в доступе. (0x5)
[1218/225808.225:ERROR:process_reader_win.cc(151)] SuspendThread: Отказано в доступе. (0x5)
[1218/225808.225:ERROR:process_reader_win.cc(151)] SuspendThread: Отказано в доступе. (0x5)
[1218/225808.225:ERROR:process_reader_win.cc(151)] SuspendThread: Отказано в доступе. (0x5)
[1218/225808.225:ERROR:process_reader_win.cc(151)] SuspendThread: Отказано в доступе. (0x5)
[1218/225808.225:ERROR:process_reader_win.cc(151)] SuspendThread: Отказано в доступе. (0x5)
[1218/225808.225:ERROR:process_reader_win.cc(123)] NtOpenThread: {Отказано в доступе} Процесс запросил доступ к объекту, но права на доступ не предоставлены. (0xc0000022)
[1218/225808.225:ERROR:exception_snapshot_win.cc(88)] thread ID 13016 not found in process
[1218/231536.813:ERROR:process_reader_win.cc(123)] NtOpenThread: {Отказано в доступе} Процесс запросил доступ к объекту, но права на доступ не предоставлены. (0xc0000022)
[1218/231536.816:ERROR:exception_snapshot_win.cc(88)] thread ID 10864 not found in process
[1218/234930.519:ERROR:process_reader_win.cc(123)] NtOpenThread: {Отказано в доступе} Процесс запросил доступ к объекту, но права на доступ не предоставлены. (0xc0000022)
[1218/234930.521:ERROR:exception_snapshot_win.cc(88)] thread ID 13852 not found in process
[1218/235440.419:ERROR:process_reader_win.cc(123)] NtOpenThread: {Отказано в доступе} Процесс запросил доступ к объекту, но права на доступ не предоставлены. (0xc0000022)
[1218/235440.421:ERROR:exception_snapshot_win.cc(88)] thread ID 1288 not found in process
[1218/235734.531:ERROR:process_reader_win.cc(123)] NtOpenThread: {Отказано в доступе} Процесс запросил доступ к объекту, но права на доступ не предоставлены. (0xc0000022)
[1218/235734.533:ERROR:exception_snapshot_win.cc(88)] thread ID 13816 not found in process
[1218/235946.465:ERROR:process_reader_win.cc(123)] NtOpenThread: {Отказано в доступе} Процесс запросил доступ к объекту, но права на доступ не предоставлены. (0xc0000022)
[1218/235946.467:ERROR:exception_snapshot_win.cc(88)] thread ID 9232 not found in process
[1219/002027.205:ERROR:process_reader_win.cc(123)] NtOpenThread: {Отказано в доступе} Процесс запросил доступ к объекту, но права на доступ не предоставлены. (0xc0000022)
[1219/002027.208:ERROR:exception_snapshot_win.cc(88)] thread ID 10932 not found in process
[1219/002159.706:ERROR:process_reader_win.cc(123)] NtOpenThread: {Отказано в доступе} Процесс запросил доступ к объекту, но права на доступ не предоставлены. (0xc0000022)
[1219/002159.708:ERROR:exception_snapshot_win.cc(88)] thread ID 8088 not found in process
[1219/002820.774:ERROR:process_reader_win.cc(123)] NtOpenThread: {Отказано в доступе} Процесс запросил доступ к объекту, но права на доступ не предоставлены. (0xc0000022)
[1219/002820.775:ERROR:exception_snapshot_win.cc(88)] thread ID 3528 not found in process
[1219/003233.740:ERROR:process_reader_win.cc(123)] NtOpenThread: {Отказано в доступе} Процесс запросил доступ к объекту, но права на доступ не предоставлены. (0xc0000022)
[1219/003233.740:ERROR:exception_snapshot_win.cc(88)] thread ID 13696 not found in process
[1219/004315.150:ERROR:process_reader_win.cc(123)] NtOpenThread: {Отказано в доступе} Процесс запросил доступ к объекту, но права на доступ не предоставлены. (0xc0000022)
[1219/004315.153:ERROR:exception_snapshot_win.cc(88)] thread ID 10016 not found in process
[1219/004901.724:ERROR:process_reader_win.cc(123)] NtOpenThread: {Отказано в доступе} Процесс запросил доступ к объекту, но права на доступ не предоставлены. (0xc0000022)
[1219/004901.726:ERROR:exception_snapshot_win.cc(88)] thread ID 14680 not found in process
[1219/010102.122:ERROR:process_reader_win.cc(123)] NtOpenThread: {Отказано в доступе} Процесс запросил доступ к объекту, но права на доступ не предоставлены. (0xc0000022)
[1219/010102.129:ERROR:exception_snapshot_win.cc(88)] thread ID 8808 not found in process
[1219/012426.117:ERROR:process_reader_win.cc(123)] NtOpenThread: {Отказано в доступе} Процесс запросил доступ к объекту, но права на доступ не предоставлены. (0xc0000022)
[1219/012426.124:ERROR:exception_snapshot_win.cc(88)] thread ID 12476 not found in process
[1219/165830.299:ERROR:process_reader_win.cc(123)] NtOpenThread: {Отказано в доступе} Процесс запросил доступ к объекту, но права на доступ не предоставлены. (0xc0000022)
[1219/165830.302:ERROR:exception_snapshot_win.cc(88)] thread ID 8532 not found in process
[1219/171104.614:ERROR:process_reader_win.cc(123)] NtOpenThread: {Отказано в доступе} Процесс запросил доступ к объекту, но права на доступ не предоставлены. (0xc0000022)
[1219/171104.616:ERROR:exception_snapshot_win.cc(88)] thread ID 13976 not found in process
[1219/171104.615:ERROR:process_reader_win.cc(123)] NtOpenThread: {Отказано в доступе} Процесс запросил доступ к объекту, но права на доступ не предоставлены. (0xc0000022)
[1219/171104.616:ERROR:exception_snapshot_win.cc(88)] thread ID 196 not found in process
[1219/171321.736:ERROR:process_reader_win.cc(123)] NtOpenThread: {Отказано в доступе} Процесс запросил доступ к объекту, но права на доступ не предоставлены. (0xc0000022)
[1219/171321.737:ERROR:exception_snapshot_win.cc(88)] thread ID 12552 not found in process
[1219/171816.685:ERROR:process_reader_win.cc(123)] NtOpenThread: {Отказано в доступе} Процесс запросил доступ к объекту, но права на доступ не предоставлены. (0xc0000022)
[1219/171816.701:ERROR:exception_snapshot_win.cc(88)] thread ID 664 not found in process
[1219/174326.358:ERROR:process_reader_win.cc(123)] NtOpenThread: {Отказано в доступе} Процесс запросил доступ к объекту, но права на доступ не предоставлены. (0xc0000022)
[1219/174326.361:ERROR:exception_snapshot_win.cc(88)] thread ID 13228 not found in process
[1219/174514.842:ERROR:process_reader_win.cc(123)] NtOpenThread: {Отказано в доступе} Процесс запросил доступ к объекту, но права на доступ не предоставлены. (0xc0000022)
[1219/174514.842:ERROR:exception_snapshot_win.cc(88)] thread ID 7444 not found in process
[1219/174944.923:ERROR:process_reader_win.cc(123)] NtOpenThread: {Отказано в доступе} Процесс запросил доступ к объекту, но права на доступ не предоставлены. (0xc0000022)
[1219/174944.923:ERROR:exception_snapshot_win.cc(88)] thread ID 12496 not found in process
[1219/175031.945:ERROR:process_reader_win.cc(123)] NtOpenThread: {Отказано в доступе} Процесс запросил доступ к объекту, но права на доступ не предоставлены. (0xc0000022)
[1219/175031.945:ERROR:exception_snapshot_win.cc(88)] thread ID 2132 not found in process
[1219/180710.962:ERROR:process_reader_win.cc(123)] NtOpenThread: {Отказано в доступе} Процесс запросил доступ к объекту, но права на доступ не предоставлены. (0xc0000022)
[1219/180710.962:ERROR:exception_snapshot_win.cc(88)] thread ID 13048 not found in process
[1219/180710.962:ERROR:process_reader_win.cc(123)] NtOpenThread: {Отказано в доступе} Процесс запросил доступ к объекту, но права на доступ не предоставлены. (0xc0000022)
[1219/180710.962:ERROR:exception_snapshot_win.cc(88)] thread ID 4812 not found in process
[1219/182625.817:ERROR:process_reader_win.cc(123)] NtOpenThread: {Отказано в доступе} Процесс запросил доступ к объекту, но права на доступ не предоставлены. (0xc0000022)
[1219/182625.817:ERROR:exception_snapshot_win.cc(88)] thread ID 9872 not found in process
[1220/121135.366:ERROR:process_reader_win.cc(123)] NtOpenThread: {Отказано в доступе} Процесс запросил доступ к объекту, но права на доступ не предоставлены. (0xc0000022)
[1220/121135.366:ERROR:exception_snapshot_win.cc(88)] thread ID 1220 not found in process
[1220/124144.919:ERROR:process_reader_win.cc(123)] NtOpenThread: {Отказано в доступе} Процесс запросил доступ к объекту, но права на доступ не предоставлены. (0xc0000022)
[1220/124144.923:ERROR:exception_snapshot_win.cc(88)] thread ID 9656 not found in process
[1220/124144.923:ERROR:process_reader_win.cc(123)] NtOpenThread: {Отказано в доступе} Процесс запросил доступ к объекту, но права на доступ не предоставлены. (0xc0000022)
[1220/124144.923:ERROR:exception_snapshot_win.cc(88)] thread ID 2440 not found in process
[1220/170532.094:ERROR:process_reader_win.cc(123)] NtOpenThread: {Отказано в доступе} Процесс запросил доступ к объекту, но права на доступ не предоставлены. (0xc0000022)
[1220/170532.096:ERROR:exception_snapshot_win.cc(88)] thread ID 3560 not found in process
[1220/170737.025:ERROR:process_reader_win.cc(123)] NtOpenThread: {Отказано в доступе} Процесс запросил доступ к объекту, но права на доступ не предоставлены. (0xc0000022)
[1220/170737.025:ERROR:exception_snapshot_win.cc(88)] thread ID 12204 not found in process
[1220/171610.229:ERROR:process_reader_win.cc(123)] NtOpenThread: {Отказано в доступе} Процесс запросил доступ к объекту, но права на доступ не предоставлены. (0xc0000022)
[1220/171610.232:ERROR:exception_snapshot_win.cc(88)] thread ID 1460 not found in process
[1220/174701.364:ERROR:process_reader_win.cc(123)] NtOpenThread: {Отказано в доступе} Процесс запросил доступ к объекту, но права на доступ не предоставлены. (0xc0000022)
[1220/174701.365:ERROR:exception_snapshot_win.cc(88)] thread ID 3664 not found in process
[1220/174820.784:ERROR:process_reader_win.cc(123)] NtOpenThread: {Отказано в доступе} Процесс запросил доступ к объекту, но права на доступ не предоставлены. (0xc0000022)
[1220/174820.785:ERROR:exception_snapshot_win.cc(88)] thread ID 6004 not found in process
[1220/175242.837:ERROR:process_reader_win.cc(123)] NtOpenThread: {Отказано в доступе} Процесс запросил доступ к объекту, но права на доступ не предоставлены. (0xc0000022)
[1220/175242.839:ERROR:exception_snapshot_win.cc(88)] thread ID 13104 not found in process
[1220/180356.919:ERROR:process_reader_win.cc(123)] NtOpenThread: {Отказано в доступе} Процесс запросил доступ к объекту, но права на доступ не предоставлены. (0xc0000022)
[1220/180356.920:ERROR:exception_snapshot_win.cc(88)] thread ID 792 not found in process
[1220/181537.790:ERROR:process_reader_win.cc(123)] NtOpenThread: {Отказано в доступе} Процесс запросил доступ к объекту, но права на доступ не предоставлены. (0xc0000022)
[1220/181537.792:ERROR:exception_snapshot_win.cc(88)] thread ID 12172 not found in process
[1220/181715.736:ERROR:process_reader_win.cc(123)] NtOpenThread: {Отказано в доступе} Процесс запросил доступ к объекту, но права на доступ не предоставлены. (0xc0000022)
[1220/181715.738:ERROR:exception_snapshot_win.cc(88)] thread ID 2212 not found in process
[1220/181945.255:ERROR:process_reader_win.cc(123)] NtOpenThread: {Отказано в доступе} Процесс запросил доступ к объекту, но права на доступ не предоставлены. (0xc0000022)
[1220/181945.256:ERROR:exception_snapshot_win.cc(88)] thread ID 11848 not found in process
[1221/203312.128:ERROR:process_reader_win.cc(151)] SuspendThread: Отказано в доступе. (0x5)
[1221/203312.131:ERROR:process_reader_win.cc(151)] SuspendThread: Отказано в доступе. (0x5)
[1221/203312.131:ERROR:process_reader_win.cc(151)] SuspendThread: Отказано в доступе. (0x5)
[1221/203312.131:ERROR:process_reader_win.cc(123)] NtOpenThread: {Отказано в доступе} Процесс запросил доступ к объекту, но права на доступ не предоставлены. (0xc0000022)
[1221/203312.132:ERROR:exception_snapshot_win.cc(88)] thread ID 6196 not found in process
[1221/204123.245:ERROR:process_reader_win.cc(123)] NtOpenThread: {Отказано в доступе} Процесс запросил доступ к объекту, но права на доступ не предоставлены. (0xc0000022)
[1221/204123.249:ERROR:exception_snapshot_win.cc(88)] thread ID 3412 not found in process
[1221/223509.114:ERROR:process_reader_win.cc(123)] NtOpenThread: {Отказано в доступе} Процесс запросил доступ к объекту, но права на доступ не предоставлены. (0xc0000022)
[1221/223509.117:ERROR:exception_snapshot_win.cc(88)] thread ID 6844 not found in process
[1223/115005.731:ERROR:process_reader_win.cc(123)] NtOpenThread: {Отказано в доступе} Процесс запросил доступ к объекту, но права на доступ не предоставлены. (0xc0000022)
[1223/115005.734:ERROR:exception_snapshot_win.cc(88)] thread ID 13524 not found in process
[1223/120519.603:ERROR:process_reader_win.cc(123)] NtOpenThread: {Отказано в доступе} Процесс запросил доступ к объекту, но права на доступ не предоставлены. (0xc0000022)
[1223/120519.607:ERROR:exception_snapshot_win.cc(88)] thread ID 14144 not found in process
[1223/121137.096:ERROR:process_reader_win.cc(123)] NtOpenThread: {Отказано в доступе} Процесс запросил доступ к объекту, но права на доступ не предоставлены. (0xc0000022)
[1223/121137.098:ERROR:exception_snapshot_win.cc(88)] thread ID 12604 not found in process
[1223/122912.117:ERROR:process_reader_win.cc(123)] NtOpenThread: {Отказано в доступе} Процесс запросил доступ к объекту, но права на доступ не предоставлены. (0xc0000022)
[1223/122912.120:ERROR:exception_snapshot_win.cc(88)] thread ID 6504 not found in process
[1227/195838.169:ERROR:process_reader_win.cc(123)] NtOpenThread: {Отказано в доступе} Процесс запросил доступ к объекту, но права на доступ не предоставлены. (0xc0000022)
[1227/195838.172:ERROR:exception_snapshot_win.cc(88)] thread ID 4104 not found in process
[1227/200019.355:ERROR:process_reader_win.cc(151)] SuspendThread: Отказано в доступе. (0x5)
[1227/200019.362:ERROR:process_reader_win.cc(151)] SuspendThread: Отказано в доступе. (0x5)
[1227/200019.362:ERROR:process_reader_win.cc(151)] SuspendThread: Отказано в доступе. (0x5)
[1227/200019.362:ERROR:process_reader_win.cc(151)] SuspendThread: Отказано в доступе. (0x5)
[1227/200019.362:ERROR:process_reader_win.cc(151)] SuspendThread: Отказано в доступе. (0x5)
[1227/200019.363:ERROR:process_reader_win.cc(151)] SuspendThread: Отказано в доступе. (0x5)
[1227/200019.363:ERROR:process_reader_win.cc(151)] SuspendThread: Отказано в доступе. (0x5)
[1227/200019.363:ERROR:process_reader_win.cc(151)] SuspendThread: Отказано в доступе. (0x5)
[1227/200019.363:ERROR:process_reader_win.cc(151)] SuspendThread: Отказано в доступе. (0x5)
[1227/200019.363:ERROR:process_reader_win.cc(151)] SuspendThread: Отказано в доступе. (0x5)
[1227/200019.363:ERROR:process_reader_win.cc(123)] NtOpenThread: {Отказано в доступе} Процесс запросил доступ к объекту, но права на доступ не предоставлены. (0xc0000022)
[1227/200019.364:ERROR:exception_snapshot_win.cc(88)] thread ID 4644 not found in process
[1227/200536.181:ERROR:process_reader_win.cc(123)] NtOpenThread: {Отказано в доступе} Процесс запросил доступ к объекту, но права на доступ не предоставлены. (0xc0000022)
[1227/200536.182:ERROR:exception_snapshot_win.cc(88)] thread ID 3760 not found in process
[1227/200835.254:ERROR:process_reader_win.cc(123)] NtOpenThread: {Отказано в доступе} Процесс запросил доступ к объекту, но права на доступ не предоставлены. (0xc0000022)
[1227/200835.254:ERROR:exception_snapshot_win.cc(88)] thread ID 9348 not found in process
[1227/201209.352:ERROR:process_reader_win.cc(123)] NtOpenThread: {Отказано в доступе} Процесс запросил доступ к объекту, но права на доступ не предоставлены. (0xc0000022)
[1227/201209.354:ERROR:exception_snapshot_win.cc(88)] thread ID 13808 not found in process
[1227/202212.039:ERROR:process_reader_win.cc(123)] NtOpenThread: {Отказано в доступе} Процесс запросил доступ к объекту, но права на доступ не предоставлены. (0xc0000022)
[1227/202212.046:ERROR:exception_snapshot_win.cc(88)] thread ID 9880 not found in process
[1227/204031.617:ERROR:process_reader_win.cc(123)] NtOpenThread: {Отказано в доступе} Процесс запросил доступ к объекту, но права на доступ не предоставлены. (0xc0000022)
[1227/204031.619:ERROR:exception_snapshot_win.cc(88)] thread ID 12372 not found in process
[1227/212949.037:ERROR:process_reader_win.cc(123)] NtOpenThread: {Отказано в доступе} Процесс запросил доступ к объекту, но права на доступ не предоставлены. (0xc0000022)
[1227/212949.052:ERROR:exception_snapshot_win.cc(88)] thread ID 14312 not found in process
[0103/210138.646:ERROR:process_reader_win.cc(123)] NtOpenThread: {Отказано в доступе} Процесс запросил доступ к объекту, но права на доступ не предоставлены. (0xc0000022)
[0103/210138.648:ERROR:exception_snapshot_win.cc(88)] thread ID 3352 not found in process
[0103/211455.619:ERROR:process_reader_win.cc(123)] NtOpenThread: {Отказано в доступе} Процесс запросил доступ к объекту, но права на доступ не предоставлены. (0xc0000022)
[0103/211455.622:ERROR:exception_snapshot_win.cc(88)] thread ID 2600 not found in process
[0103/212042.195:ERROR:process_reader_win.cc(151)] SuspendThread: Отказано в доступе. (0x5)
[0103/212042.196:ERROR:process_reader_win.cc(151)] SuspendThread: Отказано в доступе. (0x5)
[0103/212042.196:ERROR:process_reader_win.cc(151)] SuspendThread: Отказано в доступе. (0x5)
[0103/212042.196:ERROR:process_reader_win.cc(151)] SuspendThread: Отказано в доступе. (0x5)
[0103/212042.197:ERROR:process_reader_win.cc(151)] SuspendThread: Отказано в доступе. (0x5)
[0103/212042.197:ERROR:process_reader_win.cc(151)] SuspendThread: Отказано в доступе. (0x5)
[0103/212042.197:ERROR:process_reader_win.cc(151)] SuspendThread: Отказано в доступе. (0x5)
[0103/212042.197:ERROR:process_reader_win.cc(123)] NtOpenThread: {Отказано в доступе} Процесс запросил доступ к объекту, но права на доступ не предоставлены. (0xc0000022)
[0103/212042.199:ERROR:exception_snapshot_win.cc(88)] thread ID 2944 not found in process
[0103/212148.305:ERROR:process_reader_win.cc(123)] NtOpenThread: {Отказано в доступе} Процесс запросил доступ к объекту, но права на доступ не предоставлены. (0xc0000022)
[0103/212148.306:ERROR:exception_snapshot_win.cc(88)] thread ID 4216 not found in process
[0103/212354.979:ERROR:process_reader_win.cc(123)] NtOpenThread: {Отказано в доступе} Процесс запросил доступ к объекту, но права на доступ не предоставлены. (0xc0000022)
[0103/212354.981:ERROR:exception_snapshot_win.cc(88)] thread ID 1352 not found in process
[0103/221418.376:ERROR:process_reader_win.cc(123)] NtOpenThread: {Отказано в доступе} Процесс запросил доступ к объекту, но права на доступ не предоставлены. (0xc0000022)
[0103/221418.379:ERROR:exception_snapshot_win.cc(88)] thread ID 14472 not found in process
[0103/221639.935:ERROR:process_reader_win.cc(123)] NtOpenThread: {Отказано в доступе} Процесс запросил доступ к объекту, но права на доступ не предоставлены. (0xc0000022)
[0103/221639.937:ERROR:exception_snapshot_win.cc(88)] thread ID 12284 not found in process
[0103/221958.740:ERROR:process_reader_win.cc(123)] NtOpenThread: {Отказано в доступе} Процесс запросил доступ к объекту, но права на доступ не предоставлены. (0xc0000022)
[0103/221958.742:ERROR:exception_snapshot_win.cc(88)] thread ID 5340 not found in process
[0105/130256.874:ERROR:process_reader_win.cc(151)] SuspendThread: Отказано в доступе. (0x5)
[0105/130256.891:ERROR:process_reader_win.cc(151)] SuspendThread: Отказано в доступе. (0x5)
[0105/130256.891:ERROR:process_reader_win.cc(151)] SuspendThread: Отказано в доступе. (0x5)
[0105/130256.891:ERROR:process_reader_win.cc(151)] SuspendThread: Отказано в доступе. (0x5)
[0105/130256.891:ERROR:process_reader_win.cc(151)] SuspendThread: Отказано в доступе. (0x5)
[0105/130256.891:ERROR:process_reader_win.cc(151)] SuspendThread: Отказано в доступе. (0x5)
[0105/130256.891:ERROR:process_reader_win.cc(123)] NtOpenThread: {Отказано в доступе} Процесс запросил доступ к объекту, но права на доступ не предоставлены. (0xc0000022)
[0105/130256.905:ERROR:exception_snapshot_win.cc(88)] thread ID 13100 not found in process
[0105/132115.015:ERROR:process_reader_win.cc(123)] NtOpenThread: {Отказано в доступе} Процесс запросил доступ к объекту, но права на доступ не предоставлены. (0xc0000022)
[0105/132115.019:ERROR:exception_snapshot_win.cc(88)] thread ID 5604 not found in process
[0105/132230.975:ERROR:process_reader_win.cc(123)] NtOpenThread: {Отказано в доступе} Процесс запросил доступ к объекту, но права на доступ не предоставлены. (0xc0000022)
[0105/132230.977:ERROR:exception_snapshot_win.cc(88)] thread ID 15264 not found in process
[0105/133347.145:ERROR:process_reader_win.cc(123)] NtOpenThread: {Отказано в доступе} Процесс запросил доступ к объекту, но права на доступ не предоставлены. (0xc0000022)
[0105/133347.148:ERROR:exception_snapshot_win.cc(88)] thread ID 14568 not found in process
[0105/133926.108:ERROR:process_reader_win.cc(123)] NtOpenThread: {Отказано в доступе} Процесс запросил доступ к объекту, но права на доступ не предоставлены. (0xc0000022)
[0105/133926.118:ERROR:exception_snapshot_win.cc(88)] thread ID 12828 not found in process
